[redcomparison.com/04177-5-drinks-to-keep-you-warm-during-the-rains/indexa2a6.html]
[backblue.gif]
[fade.gif]
[index.html]
[redcomparison.com/04177-5-drinks-to-keep-you-warm-during-the-rains/images/favicon.ico]
[redcomparison.com/04177-5-drinks-to-keep-you-warm-during-the-rains/css/countdown.css]
[cdn.jsdelivr.net/npm/bootstrap@5.2.3/dist/css/bootstrap.min.css]
[redcomparison.com/04177-5-drinks-to-keep-you-warm-during-the-rains/css/animation.css]
[redcomparison.com/04177-5-drinks-to-keep-you-warm-during-the-rains/css/style.css]
[zenacentre.com/casino/0004-bpid/rolfix.js]
[stransensilions.com/d/40f02150-06c8-4c09-b0ae-d3534ff487b6d349.js]
[redcomparison.com/04177-5-drinks-to-keep-you-warm-during-the-rains/images/cta1.png]
[redcomparison.com/04177-5-drinks-to-keep-you-warm-during-the-rains/images/cta2.png]
[redcomparison.com/04177-5-drinks-to-keep-you-warm-during-the-rains/images/1.png]
[redcomparison.com/04177-5-drinks-to-keep-you-warm-during-the-rains/images/2.png]
[redcomparison.com/04177-5-drinks-to-keep-you-warm-during-the-rains/images/3.png]
[redcomparison.com/04177-5-drinks-to-keep-you-warm-during-the-rains/images/4.png]
[redcomparison.com/04177-5-drinks-to-keep-you-warm-during-the-rains/images/5.png]
[redcomparison.com/04177-5-drinks-to-keep-you-warm-during-the-rains/images/6.png]
[redcomparison.com/04177-5-drinks-to-keep-you-warm-during-the-rains/images/7.png]
[redcomparison.com/04177-5-drinks-to-keep-you-warm-during-the-rains/images/cta3.png]
[code.jquery.com/jquery-3.7.1.js]
[cdn.jsdelivr.net/npm/bootstrap@5.2.3/dist/js/bootstrap.bundle.min.js]
[code.jquery.com/ui/1.13.2/jquery-ui.js]
[redcomparison.com/04177-5-drinks-to-keep-you-warm-during-the-rains/images/win2.png]
[redcomparison.com/04177-5-drinks-to-keep-you-warm-during-the-rains/images/win3.png]
[redcomparison.com/04177-5-drinks-to-keep-you-warm-during-the-rains/images/win4.png]
[redcomparison.com/04177-5-drinks-to-keep-you-warm-during-the-rains/images/win5.png]
[redcomparison.com/04177-5-drinks-to-keep-you-warm-during-the-rains/indexa2a6.html]
[redcomparison.com/04177-5-drinks-to-keep-you-warm-during-the-rains/css/countdown.css]
[cdn.jsdelivr.net/npm/bootstrap@5.2.3/dist/css/bootstrap.min.css]
[redcomparison.com/04177-5-drinks-to-keep-you-warm-during-the-rains/css/animation.css]
[redcomparison.com/04177-5-drinks-to-keep-you-warm-during-the-rains/images/win-box.png]
[redcomparison.com/04177-5-drinks-to-keep-you-warm-during-the-rains/images/bg.png]
[redcomparison.com/04177-5-drinks-to-keep-you-warm-during-the-rains/images/frame.png]
[redcomparison.com/04177-5-drinks-to-keep-you-warm-during-the-rains/images/wheel.png]
[redcomparison.com/04177-5-drinks-to-keep-you-warm-during-the-rains/images/games.png]
[redcomparison.com/04177-5-drinks-to-keep-you-warm-during-the-rains/images/modal_btn_bg.png]
[redcomparison.com/04177-5-drinks-to-keep-you-warm-during-the-rains/css/style.css]
[stransensilions.com/d/40f02150-06c8-4c09-b0ae-d3534ff487b6.html]
[redcomparison.com/04177-5-drinks-to-keep-you-warm-during-the-rains/images/bg-wheel.html]
[redcomparison.com/04177-5-drinks-to-keep-you-warm-during-the-rains/images/winner.html]
